Worker started. Press Ctrl+C or send SIGTERM to exit.
Rendering report...
trying URL 'https://raw.githubusercontent.com/spboehm/pulceo-misc/refs/heads/feature/1mn-rework/pulceo-data-analytics/raw/summersoc2025/TASKS.csv'
Content type 'text/plain; charset=utf-8' length 16567245 bytes (15.8 MB)
==================================================
downloaded 15.8 MB

trying URL 'https://raw.githubusercontent.com/spboehm/pulceo-misc/refs/heads/feature/1mn-rework/pulceo-data-analytics/raw/summersoc2025/EVENTS.csv'
Content type 'text/plain; charset=utf-8' length 39389371 bytes (37.6 MB)
==================================================
downloaded 37.6 MB

trying URL 'https://raw.githubusercontent.com/spboehm/pulceo-misc/refs/heads/feature/1mn-rework/pulceo-data-analytics/raw/summersoc2025/REQUESTS.csv'
Content type 'text/plain; charset=utf-8' length 1451404 bytes (1.4 MB)
==================================================
downloaded 1.4 MB



processing file: pulceo-data-analytics-offloading.Rmd
1/52                   
2/52 [unnamed-chunk-1] 
3/52                   
4/52 [unnamed-chunk-2] 
5/52                   
6/52 [unnamed-chunk-3] 
7/52                   
8/52 [unnamed-chunk-4] 
9/52                   
10/52 [unnamed-chunk-5] 
11/52                   
12/52 [unnamed-chunk-6] 
13/52                   
14/52 [unnamed-chunk-7] 
15/52                   
16/52 [unnamed-chunk-8] 
17/52                   
18/52 [unnamed-chunk-9] 
19/52                   
20/52 [unnamed-chunk-10]
21/52                   
22/52 [unnamed-chunk-11]
23/52                   
24/52 [unnamed-chunk-12]
25/52                   
26/52 [unnamed-chunk-13]
27/52                   
28/52 [unnamed-chunk-14]
29/52                   
30/52 [unnamed-chunk-15]
31/52                   
32/52 [unnamed-chunk-16]
33/52                   
34/52 [unnamed-chunk-17]
35/52                   
36/52 [unnamed-chunk-18]
37/52                   
38/52 [unnamed-chunk-19]
39/52                   
40/52 [unnamed-chunk-20]
41/52                   
42/52 [unnamed-chunk-21]
43/52                   
44/52 [unnamed-chunk-22]
45/52                   
46/52 [unnamed-chunk-23]
47/52                   
48/52 [unnamed-chunk-24]
49/52                   
50/52 [unnamed-chunk-25]
51/52                   
52/52 [unnamed-chunk-26]
output file: pulceo-data-analytics-offloading.knit.md

/usr/bin/pandoc +RTS -K512m -RTS pulceo-data-analytics-offloading.knit.md --to html4 --from markdown+autolink_bare_uris+tex_math_single_backslash --output /home/sebastian.boehm/git/dissertation/pulceo-misc/pulceo-data-analytics/app/reports/summersoc2025/index.html --lua-filter /home/sebastian.boehm/R/x86_64-suse-linux-gnu-library/4.4/rmarkdown/rmarkdown/lua/pagebreak.lua --lua-filter /home/sebastian.boehm/R/x86_64-suse-linux-gnu-library/4.4/rmarkdown/rmarkdown/lua/latex-div.lua --embed-resources --standalone --variable bs3=TRUE --section-divs --template /home/sebastian.boehm/R/x86_64-suse-linux-gnu-library/4.4/rmarkdown/rmd/h/default.html --no-highlight --variable highlightjs=1 --variable theme=bootstrap --mathjax --variable 'mathjax-url=https://mathjax.rstudio.com/latest/MathJax.js?config=TeX-AMS-MML_HTMLorMML' --include-in-header /tmp/Rtmp3w734g/rmarkdown-str1a2364886394.html 

Output created: reports/summersoc2025/index.html
Report rendered: 
